2022-07-27 18:36:41,570 INFO Horse [main] Создание Horse, имя Буцефал, скорость 2.4
2022-07-27 18:36:41,601 INFO Horse [main] Создание Horse, имя Туз Пик, скорость 2.5
2022-07-27 18:36:41,601 INFO Horse [main] Создание Horse, имя Зефир, скорость 2.6
2022-07-27 18:36:41,601 INFO Horse [main] Создание Horse, имя Пожар, скорость 2.7
2022-07-27 18:36:41,601 INFO Horse [main] Создание Horse, имя Лобстер, скорость 2.8
2022-07-27 18:36:41,601 INFO Horse [main] Создание Horse, имя Пегас, скорость 2.9
2022-07-27 18:36:41,601 INFO Horse [main] Создание Horse, имя Вишня, скорость 3.0
2022-07-27 18:36:41,617 INFO Hippodrome [main] Создание Hippodrome, лошадей 7
2022-07-27 18:36:41,617 INFO Main [main] Начало скачек. Количество участников: 7
2022-07-27 18:36:42,244 INFO Main [main] Окончание скачек. Победитель: Туз Пик
2022-07-25 18:38:43,790 INFO Horse [main] Создание Horse, имя Буцефал, скорость 2.4
2022-07-25 18:38:43,790 INFO Horse [main] Создание Horse, имя Туз Пик, скорость 2.5
2022-07-25 18:38:43,790 INFO Horse [main] Создание Horse, имя Зефир, скорость 2.6
2022-07-25 18:38:43,790 INFO Horse [main] Создание Horse, имя Пожар, скорость 2.7
2022-07-25 18:38:43,790 INFO Horse [main] Создание Horse, имя Лобстер, скорость 2.8
2022-07-25 18:38:43,790 INFO Horse [main] Создание Horse, имя Пегас, скорость 2.9
2022-07-25 18:38:43,790 INFO Horse [main] Создание Horse, имя Вишня, скорость 3.0
2022-07-25 18:38:43,808 INFO Hippodrome [main] Создание Hippodrome, лошадей 7
2022-07-25 18:38:43,809 INFO Main [main] Начало скачек. Количество участников: 7
2022-07-25 18:38:44,443 INFO Main [main] Окончание скачек. Победитель: Вишня
2022-07-25 18:38:58,629 INFO Horse [main] Создание Horse, имя Буцефал, скорость 2.4
2022-07-25 18:38:58,629 INFO Horse [main] Создание Horse, имя Туз Пик, скорость 2.5
2022-07-25 18:38:58,629 INFO Horse [main] Создание Horse, имя Зефир, скорость 2.6
2022-07-25 18:38:58,629 INFO Horse [main] Создание Horse, имя Пожар, скорость 2.7
2022-07-25 18:38:58,629 INFO Horse [main] Создание Horse, имя Лобстер, скорость 2.8
2022-07-25 18:38:58,629 INFO Horse [main] Создание Horse, имя Пегас, скорость 2.9
2022-07-25 18:38:58,629 INFO Horse [main] Создание Horse, имя Вишня, скорость 3.0
2022-07-25 18:38:58,644 INFO Hippodrome [main] Создание Hippodrome, лошадей 7
2022-07-25 18:38:58,644 INFO Main [main] Начало скачек. Количество участников: 7
2022-07-25 18:38:59,270 INFO Main [main] Окончание скачек. Победитель: Буцефал
